0 0
1 None
2 22
3 15
4 None
5 46
6 54
7 None
8 70
9 73
10 None
11 94
12 100
13 None
14 118
15 127
16 None
17 142
18 146
19 None
20 166
21 173
22 None
23 190
24 192
25 None
26 214
27 219
28 None
29 238
30 246
31 None
32 262
33 265
34 None
35 286
36 292
37 None
38 310
39 319
40 None
41 334
42 338
43 None
44 358
45 365
46 None
47 382
48 384
49 None
50 406
51 411
52 None
53 430
54 438
55 None
56 454
57 457
58 None
59 478
60 484
61 None
62 502
63 511
64 None
65 526
66 530
67 None
68 550
69 557
70 None
71 574
72 576
73 None
74 598
75 603
76 None
77 622
78 630
79 None
80 646
81 649
82 None
83 670
84 676
85 None
86 694
87 703
88 None
89 718
90 722
91 None
92 742
93 749
94 None
95 766
96 768
97 None
98 790
99 795
100 None
101 814
102 822
103 None
104 838
105 841
106 None
107 862
108 868
109 None
110 886
111 895
112 None
113 910
114 914
115 None
116 934
117 941
118 None
119 958
120 960
121 None
122 982
123 987
124 None
125 1006
126 1014
127 None
128 1030
129 1033
130 None
131 1054
132 1060
133 None
134 1078
135 1087
136 None
137 1102
138 1106
139 None
140 1126
141 1133
142 None
143 1150
144 1152
145 None
146 1174
147 1179
148 None
149 1198
150 1206
151 None
152 1222
153 1225
154 None
155 1246
156 1252
157 None
158 1270
159 1279
160 None
161 1294
162 1298
163 None
164 1318
165 1325
166 None
167 1342
168 1344
169 None
170 1366
171 1371
172 None
173 1390
174 1398
175 None
176 1414
177 1417
178 None
179 1438
180 1444
181 None
182 1462
183 1471
184 None
185 1486
186 1490
187 None
188 1510
189 1517
190 None
191 1534
192 1536
193 None
194 1558
195 1563
196 None
197 1582
198 1590
199 None
200 1606
201 1609
202 None
203 1630
204 1636
205 None
206 1654
207 1663
208 None
209 1678
210 1682
211 None
212 1702
213 1709
214 None
215 1726
216 1728
217 None
218 1750
219 1755
220 None
221 1774
222 1782
223 None
224 1798
225 1801
226 None
227 1822
228 1828
229 None
230 1846
231 1855
232 None
233 1870
234 1874
235 None
236 1894
237 1901
238 None
239 1918
240 1920
241 None
242 1942
243 1947
244 None
245 1966
246 1974
247 None
248 1990
249 1993
250 None
251 2014
252 2020
253 None
254 2038
255 2047
256 None
257 2062
258 2066
259 None
260 2086
261 2093
262 None
263 2110
264 2112
265 None
266 2134
267 2139
268 None
269 2158
270 2166
271 None
272 2182
273 2185
274 None
275 2206
276 2212
277 None
278 2230
279 2239
280 None
281 2254
282 2258
283 None
284 2278
285 2285
286 None
287 2302
288 2304
289 None
290 2326
291 2331
292 None
293 2350
294 2358
295 None
296 2374
297 2377
298 None
299 2398
300 2404
301 None
302 2422
303 2431
304 None
305 2446
306 2450
307 None
308 2470
309 2477
310 None
311 2494
312 2496
313 None
314 2518
315 2523
316 None
317 2542
318 2550
319 None
320 2566
321 2569
322 None
323 2590
324 2596
325 None
326 2614
327 2623
328 None
329 2638
330 2642
331 None
332 2662
333 2669
334 None
335 2686
336 2688
337 None
338 2710
339 2715
340 None
341 2734
342 2742
343 None
344 2758
345 2761
346 None
347 2782
348 2788
349 None
350 2806
351 2815
352 None
353 2830
354 2834
355 None
356 2854
357 2861
358 None
359 2878
360 2880
361 None
362 2902
363 2907
364 None
365 2926
366 2934
367 None
368 2950
369 2953
370 None
371 2974
372 2980
373 None
374 2998
375 3007
376 None
377 3022
378 3026
379 None
380 3046
381 3053
382 None
383 3070
384 3072
385 None
386 3094
387 3099
388 None
389 3118
390 3126
391 None
392 3142
393 3145
394 None
395 3166
396 3172
397 None
398 3190
399 3199
400 None
401 3214
402 3218
403 None
404 3238
405 3245
406 None
407 3262
408 3264
409 None
410 3286
411 3291
412 None
413 3310
414 3318
415 None
416 3334
417 3337
418 None
419 3358
420 3364
421 None
422 3382
423 3391
424 None
425 3406
426 3410
427 None
428 3430
429 3437
430 None
431 3454
432 3456
433 None
434 3478
435 3483
436 None
437 3502
438 3510
439 None
440 3526
441 3529
442 None
443 3550
444 3556
445 None
446 3574
447 3583
448 None
449 3598
450 3602
451 None
452 3622
453 3629
454 None
455 3646
456 3648
457 None
458 3670
459 3675
460 None
461 3694
462 3702
463 None
464 3718
465 3721
466 None
467 3742
468 3748
469 None
470 3766
471 3775
472 None
473 3790
474 3794
475 None
476 3814
477 3821
478 None
479 3838
480 3840
481 None
482 3862
483 3867
484 None
485 3886
486 3894
487 None
488 3910
489 3913
490 None
491 3934
492 3940
493 None
494 3958
495 3967
496 None
497 3982
498 3986
499 None
